s_name | s_address
Supplier#000000091 | YV45D7TkfdQanOOZ7q9QxkyGUapU1oOWU6q3
Supplier#000000197 | YC2Acon6kjY3zj3Fbxs2k4Vdf7X0cd2F
Supplier#000000226 | 83qOdU2EYRdPQAQhEtn GRZEd
Supplier#000000285 | Br7e1nnt1yxrw6ImgpJ7YdhFDjuBf
Supplier#000000287 | 7a9SP7qW5Yku5PvSg
Supplier#000000354 | w8fOo5W,aS
Supplier#000000358 | V3yxhHhHSXqOoc5UPv5TwkVDGKQsG
Supplier#000000378 | FfbhyCxWvcPrO8ltp9
Supplier#000000402 | i9Sw4DoyMhzhKXCH9By,AYSgmD
Supplier#000000431 | WoeV,NINojE6hJjauAdrl5fGcdxX5JUPLnrim
Supplier#000000532 | ep92hT7VLaVlDKM7lgbj02kIL
Supplier#000000555 | TfB,a5bfl3Ah 3Z 74GqnNs6zKVGM
Supplier#000000557 | jj0wUYh9K3fG5Jhdhrkuy ,4
Supplier#000000710 | f19YPvOyb QoYwjKC,oPycpGfieBAcwKJo
Supplier#000000761 | zlSLelQUj2XrvTTFnv7WAcYZGvvMTx882d4
Supplier#000000783 | dMpZwZ95xznZWg4acMQW dK8AQMhB
Supplier#000000971 | 23XaUVLYuC3tQIPHCuLLgM5UawL
Supplier#000000997 | 7eUWMrOCKCp2JYas6P4mL93eaWIOtKKWtTX
Supplier#000001033 | A6x1P,56sVHkb4DqVyUw32n,ChI
Supplier#000001141 | xCOuPvOd565r9H31,xuZcpE
Supplier#000001263 | rQWr6nf8ZhB2TAiIDIvo5Io
Supplier#000001367 | 42YSkFcAXMMcucsqeEefOE4HeCC
Supplier#000001399 | LmrocnIMSyYOWuANx7
Supplier#000001446 | lch9HMNU1R7a0LIybsUodVknk6
Supplier#000001447 | Y6nbeZmxx9J0j,1PLvpljga qvtV0e3ehThVjXMf
Supplier#000001454 | TOpimgu2TVXIjhiL93h,
Supplier#000001500 | wDmF5xLxtQch9ctVu,
Supplier#000001501 | xL06,Y 2M3CjPr
Supplier#000001528 | it4EmP9yhW0IZvUnapbYfoKXVvY2
Supplier#000001600 | Wli6lXwUVA4SSle lr0iA2VaJZt
Supplier#000001602 | uKNWIeafaM644
Supplier#000001624 | ISkTuv6KLp9AcxdWRGJ8 ey,r56tQ9DozGP
Supplier#000001682 | pXTkGxrTQVyH1Rr
Supplier#000001700 | 7hMlCof1Y5zLFg
Supplier#000001726 | TeRY7TtTH24sEword7yAaSkjx8
Supplier#000001730 | Rc8e,1Pybn r6zo0VJIEiD0UD vhk
Supplier#000001746 | qWsendlOekQG1aW4uq06uQaCm51se8lirv7 hBRd
Supplier#000001873 | Tdzlitffjp,Qv7bB3mWthF8
Supplier#000002020 | jB6r1d7MxP6co
Supplier#000002096 | kuxseyLtq QPLXxm9ZUrnB6Kkh92JtK5cQzzXNU
Supplier#000002204 | uYmlr46C06udCqanj0KiRsoTQakZsEyssL
Supplier#000002243 | nSOEV3JeOU79
Supplier#000002264 | dBDsb7P6EcVLsX
Supplier#000002265 | sYKnh6xGOOFl,D8Jjch4vqcSZ 0,sgp
Supplier#000002282 | ES21K9dxoW1I1TzWCj7ekdlNwSWnv1Z 6mQ,BKn
Supplier#000002331 | WRh2w5WFvRg7Z0S1AvSvHCL
Supplier#000002444 | q8x5 AFA, 9zfXRVYkn67kb3o0AagF
Supplier#000002460 | wu8B2e YWGoKM fi e23UQn,YD79edUIIXX
Supplier#000002587 | hcsr Obo8yP0176DtTqs5CDxn1,HK1Uvmem
Supplier#000002629 | 0Bw,q5Zp8su9XrzoCngZ3cAEXZwZ
Supplier#000002669 | GG1GW2tM6wvOW iIPblxxmXj2g
Supplier#000002719 | 4nnzQI2CbqREQUuIsXTBVUkaP4mNS3
Supplier#000002775 | yDclaDaBD4ihH
Supplier#000002799 | lwr, 6L3gdfc79PQut,4XO6nQsTJY63cAyYO
Supplier#000002840 | nXVY3S0,1VZrTavsOSFyBZx DOUU
Supplier#000002853 | rTNAOItXka
Supplier#000002875 | 6JgMi 9Qt6VmwL3Ltt1SRlKww0keLQ,RAZa
Supplier#000002934 | m,trBENywSArwg3DhB
Supplier#000003089 | s5b VCIZqMSZVa r g7LTdcg29GbTE7rI1x
Supplier#000003095 | HxON3jJhUi3zjt,r mTD
Supplier#000003109 | 2WfTvl8mtHqnyueg7Ki
Supplier#000003185 | hMa535Cbf2mj1Nw4OWOKWVrsK0VdDkJURrdjSIJe
Supplier#000003189 | DWdPxt7 RnkZv6VOByR0em
Supplier#000003313 | El2I7we,049SPrvomUm4hZwJoOhZkvLxLJXgVH
Supplier#000003373 | iy8VM48ynpc3N2OsBwAvhYakO2us9R1bi
Supplier#000003421 | Sh3dt9W5oeofFWovnFhrg,
Supplier#000003422 | DJoCEapUeBXoV1iYiCcPFQvzsTv2ZI960
Supplier#000003423 | ,,hFmixRsUfI
Supplier#000003445 | gWX6w2yDE10TXisLZkLPcoFl,FN
Supplier#000003448 | eVa5XwFZOM6p8d9g6Pmn4YhbD PUnFAI
Supplier#000003553 | u3nDX5MdZaYCfhoGN3uoOAHQYFKUgwcVeHR
Supplier#000003561 | Zc9L62QD0dCSXxykBJS1K
Supplier#000003607 | lNqFHQYjwSAkf
Supplier#000003679 | CtP5pEp8k7H
Supplier#000003797 | UuWXXv4ID LLOj
Supplier#000003849 | KgbZEaRk,6Q3mWvwh6uptrs1KRUHg 0
Supplier#000003894 | vvGC rameLOk
Supplier#000003902 | 94Cum0,H 0
Supplier#000003918 | meRvRCsJoAbfqd0Re4
Supplier#000003941 | Pmb05mQfBMS618O7WKqZJ 9vyv
Supplier#000003976 | FXTXVXGZecnK2LMNzyv,suyHOxJ hQ
Supplier#000003994 | W00LZp3NjK0
Supplier#000004005 | V723F1wCy2eA4OgIu8TjBtOVUHp
Supplier#000004014 | Spla6 0RV3oK9Y
Supplier#000004111 | fEPasEoS6uaJ VsPTh1qNht0
Supplier#000004140 | 0hL7DJyYjcHL
Supplier#000004165 | wTJ2dZNQA8P2oi99N6DT47ndHy,XKD2
Supplier#000004207 | tF64pwiOM4IkWjN3mS,e06WuAjLx
Supplier#000004236 | dl,HPtJmGipxYsSqn9wmqkuWjst,mCeJ8O6T
Supplier#000004343 | GK3sbopqrQEkWLMvVBFCG
Supplier#000004346 | S3076LEOwo
Supplier#000004522 | xXtCKwsZDArxIBGDfzX2PgobGZsBg
Supplier#000004527 | p pVXCnxgcklWF6A1o3OHY3qW6
Supplier#000004656 | O5EOVs9MGfEMxSJyvL6Ty9DDRdEs7CTx7Okwwf
Supplier#000004769 | Iom2IeCJ44BiWH
Supplier#000004836 | cZygAtaTfslX,Adp7VVQhuDO0qYv9
Supplier#000004847 | qsHYyZLkySro7Wmc6tfZqN1ycgwq3XF1bA m
Supplier#000004884 | 42Z1uLye9nsn6aTGBNd dI8 x
Supplier#000005100 | OfvYPs3Io,wEvvLHNaLuCX
Supplier#000005195 | Woi3b2ZaicPh ZSfu1EfXhE
Supplier#000005196 | EKn1rQDs252VxJ5GGcaZ8yu8DWMiaadb
Supplier#000005256 | Onc3t57VAMchm,pmoVLaU8bONni9NsuaM PzMMFz
Supplier#000005257 | f9g8SEHB7obMj3QXAjXS2vfYY22
Supplier#000005283 | 5fxYXxwXy,TQX,MqDC2hxzyQ
Supplier#000005300 | gXG28YqpxU
Supplier#000005323 | tMCkdqbDoyNo8vMIkzjBqYexoRAuv,T6 qzcu
Supplier#000005386 | Ub6AAfHpWLWP
Supplier#000005478 | tk1HQxRxeWlaO
Supplier#000005484 | saFdOR qW7AFY,3asPqiiAa11Mo22pCoN0BtPrKo
Supplier#000005485 | lPUyDH6sYA6ktvEc25b4hvYmUKrtIXVcuc6t
Supplier#000005505 | d2sbjG43KwMPX
Supplier#000005506 | On f5ypzoWgB
Supplier#000005536 | Nzo9tGkpgbHT,EZ4D,77MYKl4ah1C
Supplier#000005605 | 7Vj6Eil0mThqkM
Supplier#000005631 | 14TVrjlzo2SJEBYCDgpMwTlvwSqC
Supplier#000005642 | ZwKxAv3V40tW E8P7Qwu,zlu,kPsL
Supplier#000005686 | f2RBKec2T1NIi7yS M
Supplier#000005736 | 2dq XTYhtYWSfp
Supplier#000005797 | ,o,OebwRbSDmVl9gN9fpWPCiqB UogvlSR
Supplier#000005809 | OS,jWuDlF0msPmJVIXAFsJVGjRs
Supplier#000005855 | zz7AA867zRvbpsZIRmoiQ5
Supplier#000006059 | 4m0cv8MwJ9yX2vlwI Z
Supplier#000006065 | UiI2Cy3W4Tu5sLk LuvXLRy6KihlGv
Supplier#000006070 | TalC5m0pDrO6DZbngfmGmqe
Supplier#000006109 | rY5gbfh3dKHnylcQUTPGCwnbe
Supplier#000006217 | RVN23SYT9jenUeaWGXUd
Supplier#000006274 | S3yTZWqxTKUq g QQgcW9 AqhCkNZsW51hHuwU
Supplier#000006297 | 73VRDOO56GUCyvc40oYJ
Supplier#000006346 | 1UMASn Ogy1ngmGXp9yx4tU
Supplier#000006529 | DCIcqQG,v02EcdiZFCN7uc3g
Supplier#000006607 | 3F 2e2gqD5u5B
Supplier#000006642 | N,CUclSqRLJcS8zQ
Supplier#000006659 | iTLsnvD8D2GzWNUv kRInwRjk5rDeEmfup1
Supplier#000006665 | v dnTfUCHnaXzw7dN8ZSawQPuKqce54
Supplier#000006706 | Ak4ga,ePu1QZ6C3qkrqjosaX0gxvqS9vkbe
Supplier#000006761 | n4jhxGMqB5prD1HhpLvwrWStOLlla
Supplier#000006764 | caeE02gh59 c7Q6m9LPAJV f0W,OCVWjn8I
Supplier#000006808 | HGd2Xo 9nEcHJhZvXjXxWKIpApT
Supplier#000006858 | fnlINT885vBBhsWwTGiZ0o22thwGY16h GHJj21
Supplier#000006861 | bZz6ZxOpgInQ DJ6
Supplier#000006863 | ElFcmfHn2n
Supplier#000006872 | XIDPiA7PLXCWK6SeEcld
Supplier#000006961 | ctlQlwwwlE15RbfayrBKteB
Supplier#000007122 | xMKInuZNsJ,gLecTyT ROceYfx
Supplier#000007132 | xonvn0KAQIL3p8kYk HC1FSSDSUSTC
Supplier#000007135 | ls DoKV7V5ulfQy9V
Supplier#000007146 | J8I3Pyfc2Usr2tJMJLDbsq7
Supplier#000007160 | TqDGBULB3cTqIT6FKDvm9BS4e4v,zwYiQPb
Supplier#000007169 | tEc95D2moN9S84nd55O,dlnW
Supplier#000007183 | 6fW9mxnQy82BJHO,Y40C7TLo51ZsbFRbx AHr
Supplier#000007299 | 3WSkVU1ME,JrAaMCJhHixzzzEMY0eTBWpvDX7Lif
Supplier#000007304 | n 2pSn2qMg85wHuzOwsTRs0G73Ni
Supplier#000007322 | wr7dgte5q MAjiY0uwmi3MyDkSMX1
Supplier#000007340 | 9f,1UUNu5Ug54qe17YAuNfVi1yf2ZcJYTZRyDn
Supplier#000007365 | 51xhROLvQMJ05DndtZWt
Supplier#000007402 | 4UVv58ery1rjmqSR5
Supplier#000007426 | 4r0HDt85zLPoM
Supplier#000007460 | s4ypM7SV1D6ut8gtn8OtxV5
Supplier#000007536 | c9HkDsVtkhjKrW
Supplier#000007589 | GUTp8apKI6hoOTlZ1DXSZHqPhKGjgskV0xZRjf
Supplier#000007760 | JsPE18PvcdFTK
Supplier#000007777 | nAyZoZF,GfnpEtFRV1yf
Supplier#000007818 | yhhc2CQec Jrvc8zqBi83
Supplier#000007870 | Yg9njBC12zKL3SDTjLXiqSKNgHDWSZxTUd
Supplier#000007965 | F7Un5lJ7p5hhj
Supplier#000007968 | DsF9UlZ2Fo6HXN9aErvyg1ikHoD582HSGZpP
Supplier#000008090 | eonbJZvoDFYBNUinYfp6yERIg
Supplier#000008109 | aWXR91ghUYjN4xaSINKO5FBKbRrNg2g3HH
Supplier#000008224 | TWxt9f,LVER
Supplier#000008423 | RQhKnkAhR0DAr3Ix4Q1weMMn00hNe Kq
Supplier#000008480 | 4sSDA4ACReklNjEm5T6b
Supplier#000008549 | FMsXzKfMDnRHpsjdVb
Supplier#000008579 | hMJ9jiSdp1H M7h7xpGOjT6VHBkI QPVYUDV
Supplier#000008705 | aE,trRNdPx,4yinTD9O3DebDIp
Supplier#000008750 | 1SrKDBP9Y0PAguWqMUm7EJrtfqIOsVaTmfz6fP0
Supplier#000008753 | 6GOqHvcUSO18Yc
Supplier#000008879 | rDSA,D9oPM,65NMWEFrmGKAu
Supplier#000008895 | 2cH4okfaLSZTTg8sKRbbJQxkmeFu2Esj
Supplier#000008972 | w2vF6 D5YZO3visPXsqVfLADTK
Supplier#000009032 | qK,trB6Sdy4Dz1BRUFNy
Supplier#000009147 | rOAuryHxpZ9eOvx
Supplier#000009152 | ytxUUd,h2MfgH1ekEncuRYwl26Jc4w9DrD
Supplier#000009163 | E0XNTVX9I8VMnga68MkhBX0M jC
Supplier#000009227 | dvYajYNbpz
Supplier#000009278 | RqYTzgxj93CLX 0mcYfCENOefD
Supplier#000009326 | XmiC,uy36B9,fb0zhcjaagiXQutg
Supplier#000009327 | uoqMdf7e7Gj9dbQ53
Supplier#000009359 | 3C6cbvoRrnGxmBi46zAlrIbzS8
Supplier#000009430 | igRqmneFt
Supplier#000009445 | AyEP8mMQ8VpXLwCIj0
Supplier#000009506 | YqNm9Ml0j,8NhZntYZKzJgWZdrUxX7t
Supplier#000009601 | 51m637bO,Rw5DnHWFUvLacRx9
Supplier#000009718 | TJcCKxiE0v8hVqydfBW8EFuRqNDeKoD
Supplier#000009753 | wLhVEcRmd7PkJF4FBnGK7Z
Supplier#000009799 | 4wNjXGa4OKWl
Supplier#000009817 | MwQo7JKIcbIHc1T4dKI2qkb7UrBpIbTd
Supplier#000009862 | rJzweWeN58
Supplier#000009868 | ROjGgx5gvtkmnUUoeyy7v
Supplier#000009869 | ucLqxzrpBTRMewGSM29t0rNTM30g1Tu3Xgg3mKag
Supplier#000009899 | 7XdpAHrzr1t,UQFZE
